DEB [20250927-01:11:49.786] thr=1   paramiko.transport: starting thread (client mode): 0x36be63b0
DEB [20250927-01:11:49.786] thr=1   paramiko.transport: Local version/idstring: SSH-2.0-paramiko_4.0.0
DEB [20250927-01:11:49.794] thr=1   paramiko.transport: Remote version/idstring: SSH-2.0-OpenSSH_9.2p1 Debian-2+deb12u7
INF [20250927-01:11:49.794] thr=1   paramiko.transport: Connected (version 2.0, client OpenSSH_9.2p1)
DEB [20250927-01:11:49.795] thr=1   paramiko.transport: === Key exchange possibilities ===
DEB [20250927-01:11:49.795] thr=1   paramiko.transport: kex algos: sntrup761x25519-sha512, sntrup761x25519-sha512@openssh.com, curve25519-sha256, curve25519-sha256@libssh.org, ecdh-sha2-nistp256, ecdh-sha2-nistp384, ecdh-sha2-nistp521, diffie-hellman-group-exchange-sha256, diffie-hellman-group16-sha512, diffie-hellman-group18-sha512, diffie-hellman-group14-sha256, kex-strict-s-v00@openssh.com
DEB [20250927-01:11:49.795] thr=1   paramiko.transport: server key: rsa-sha2-512, rsa-sha2-256, ecdsa-sha2-nistp256, ssh-ed25519
DEB [20250927-01:11:49.796] thr=1   paramiko.transport: client encrypt: chacha20-poly1305@openssh.com, aes128-ctr, aes192-ctr, aes256-ctr, aes128-gcm@openssh.com, aes256-gcm@openssh.com
DEB [20250927-01:11:49.796] thr=1   paramiko.transport: server encrypt: chacha20-poly1305@openssh.com, aes128-ctr, aes192-ctr, aes256-ctr, aes128-gcm@openssh.com, aes256-gcm@openssh.com
DEB [20250927-01:11:49.796] thr=1   paramiko.transport: client mac: umac-64-etm@openssh.com, umac-128-etm@openssh.com, hmac-sha2-256-etm@openssh.com, hmac-sha2-512-etm@openssh.com, hmac-sha1-etm@openssh.com, umac-64@openssh.com, umac-128@openssh.com, hmac-sha2-256, hmac-sha2-512, hmac-sha1
DEB [20250927-01:11:49.796] thr=1   paramiko.transport: server mac: umac-64-etm@openssh.com, umac-128-etm@openssh.com, hmac-sha2-256-etm@openssh.com, hmac-sha2-512-etm@openssh.com, hmac-sha1-etm@openssh.com, umac-64@openssh.com, umac-128@openssh.com, hmac-sha2-256, hmac-sha2-512, hmac-sha1
DEB [20250927-01:11:49.796] thr=1   paramiko.transport: client compress: none, zlib@openssh.com
DEB [20250927-01:11:49.796] thr=1   paramiko.transport: server compress: none, zlib@openssh.com
DEB [20250927-01:11:49.797] thr=1   paramiko.transport: client lang: <none>
DEB [20250927-01:11:49.797] thr=1   paramiko.transport: server lang: <none>
DEB [20250927-01:11:49.797] thr=1   paramiko.transport: kex follows: False
DEB [20250927-01:11:49.797] thr=1   paramiko.transport: === Key exchange agreements ===
DEB [20250927-01:11:49.797] thr=1   paramiko.transport: Strict kex mode: True
DEB [20250927-01:11:49.797] thr=1   paramiko.transport: Kex: curve25519-sha256@libssh.org
DEB [20250927-01:11:49.798] thr=1   paramiko.transport: HostKey: ssh-ed25519
DEB [20250927-01:11:49.798] thr=1   paramiko.transport: Cipher: aes128-ctr
DEB [20250927-01:11:49.798] thr=1   paramiko.transport: MAC: hmac-sha2-256
DEB [20250927-01:11:49.798] thr=1   paramiko.transport: Compression: none
DEB [20250927-01:11:49.798] thr=1   paramiko.transport: === End of kex handshake ===
DEB [20250927-01:11:49.804] thr=1   paramiko.transport: Resetting outbound seqno after NEWKEYS due to strict mode
DEB [20250927-01:11:49.815] thr=1   paramiko.transport: kex engine KexCurve25519 specified hash_algo <built-in function openssl_sha256>
DEB [20250927-01:11:49.816] thr=1   paramiko.transport: Switch to new keys ...
DEB [20250927-01:11:49.816] thr=1   paramiko.transport: Resetting inbound seqno after NEWKEYS due to strict mode
DEB [20250927-01:11:49.817] thr=1   paramiko.transport: Got EXT_INFO: {'server-sig-algs': b'ssh-ed25519,sk-ssh-ed25519@openssh.com,ecdsa-sha2-nistp256,ecdsa-sha2-nistp384,ecdsa-sha2-nistp521,sk-ecdsa-sha2-nistp256@openssh.com,webauthn-sk-ecdsa-sha2-nistp256@openssh.com,ssh-dss,ssh-rsa,rsa-sha2-256,rsa-sha2-512', 'publickey-hostbound@openssh.com': b'0'}
DEB [20250927-01:13:49.794] thr=1   paramiko.transport: EOF in transport thread
DEB [20250927-01:14:09.086] thr=1   paramiko.transport: starting thread (client mode): 0x37b022c0
DEB [20250927-01:14:09.086] thr=1   paramiko.transport: Local version/idstring: SSH-2.0-paramiko_4.0.0
DEB [20250927-01:14:09.087] thr=1   paramiko.transport: Remote version/idstring: SSH-2.0-OpenSSH_9.2p1 Debian-2+deb12u7
INF [20250927-01:14:09.087] thr=1   paramiko.transport: Connected (version 2.0, client OpenSSH_9.2p1)
DEB [20250927-01:14:09.088] thr=1   paramiko.transport: === Key exchange possibilities ===
DEB [20250927-01:14:09.088] thr=1   paramiko.transport: kex algos: sntrup761x25519-sha512, sntrup761x25519-sha512@openssh.com, curve25519-sha256, curve25519-sha256@libssh.org, ecdh-sha2-nistp256, ecdh-sha2-nistp384, ecdh-sha2-nistp521, diffie-hellman-group-exchange-sha256, diffie-hellman-group16-sha512, diffie-hellman-group18-sha512, diffie-hellman-group14-sha256, kex-strict-s-v00@openssh.com
DEB [20250927-01:14:09.088] thr=1   paramiko.transport: server key: rsa-sha2-512, rsa-sha2-256, ecdsa-sha2-nistp256, ssh-ed25519
DEB [20250927-01:14:09.088] thr=1   paramiko.transport: client encrypt: chacha20-poly1305@openssh.com, aes128-ctr, aes192-ctr, aes256-ctr, aes128-gcm@openssh.com, aes256-gcm@openssh.com
DEB [20250927-01:14:09.088] thr=1   paramiko.transport: server encrypt: chacha20-poly1305@openssh.com, aes128-ctr, aes192-ctr, aes256-ctr, aes128-gcm@openssh.com, aes256-gcm@openssh.com
DEB [20250927-01:14:09.088] thr=1   paramiko.transport: client mac: umac-64-etm@openssh.com, umac-128-etm@openssh.com, hmac-sha2-256-etm@openssh.com, hmac-sha2-512-etm@openssh.com, hmac-sha1-etm@openssh.com, umac-64@openssh.com, umac-128@openssh.com, hmac-sha2-256, hmac-sha2-512, hmac-sha1
DEB [20250927-01:14:09.088] thr=1   paramiko.transport: server mac: umac-64-etm@openssh.com, umac-128-etm@openssh.com, hmac-sha2-256-etm@openssh.com, hmac-sha2-512-etm@openssh.com, hmac-sha1-etm@openssh.com, umac-64@openssh.com, umac-128@openssh.com, hmac-sha2-256, hmac-sha2-512, hmac-sha1
DEB [20250927-01:14:09.089] thr=1   paramiko.transport: client compress: none, zlib@openssh.com
DEB [20250927-01:14:09.089] thr=1   paramiko.transport: server compress: none, zlib@openssh.com
DEB [20250927-01:14:09.089] thr=1   paramiko.transport: client lang: <none>
DEB [20250927-01:14:09.089] thr=1   paramiko.transport: server lang: <none>
DEB [20250927-01:14:09.089] thr=1   paramiko.transport: kex follows: False
DEB [20250927-01:14:09.089] thr=1   paramiko.transport: === Key exchange agreements ===
DEB [20250927-01:14:09.089] thr=1   paramiko.transport: Strict kex mode: True
DEB [20250927-01:14:09.089] thr=1   paramiko.transport: Kex: curve25519-sha256@libssh.org
DEB [20250927-01:14:09.090] thr=1   paramiko.transport: HostKey: ssh-ed25519
DEB [20250927-01:14:09.090] thr=1   paramiko.transport: Cipher: aes128-ctr
DEB [20250927-01:14:09.090] thr=1   paramiko.transport: MAC: hmac-sha2-256
DEB [20250927-01:14:09.090] thr=1   paramiko.transport: Compression: none
DEB [20250927-01:14:09.090] thr=1   paramiko.transport: === End of kex handshake ===
DEB [20250927-01:14:09.095] thr=1   paramiko.transport: Resetting outbound seqno after NEWKEYS due to strict mode
DEB [20250927-01:14:09.095] thr=1   paramiko.transport: kex engine KexCurve25519 specified hash_algo <built-in function openssl_sha256>
DEB [20250927-01:14:09.095] thr=1   paramiko.transport: Switch to new keys ...
DEB [20250927-01:14:09.096] thr=1   paramiko.transport: Resetting inbound seqno after NEWKEYS due to strict mode
DEB [20250927-01:14:09.096] thr=1   paramiko.transport: Got EXT_INFO: {'server-sig-algs': b'ssh-ed25519,sk-ssh-ed25519@openssh.com,ecdsa-sha2-nistp256,ecdsa-sha2-nistp384,ecdsa-sha2-nistp521,sk-ecdsa-sha2-nistp256@openssh.com,webauthn-sk-ecdsa-sha2-nistp256@openssh.com,ssh-dss,ssh-rsa,rsa-sha2-256,rsa-sha2-512', 'publickey-hostbound@openssh.com': b'0'}
DEB [20250927-01:14:31.824] thr=1   paramiko.transport: Adding ssh-ed25519 host key for 192.168.1.204: b'a1da81bba43cb7398e81034de682abcb'
